[2026-04-05 20:06:16] 📝 工作流程启动: 开始透明文献检索
[2026-04-05 20:06:16] 📝 阶段1: 在arXiv上搜索真实的认知科学文献
[2026-04-05 20:06:16] 📝 开始搜索: 在arXiv上搜索认知科学、心理学文献
[2026-04-05 20:06:16] 📝 处理主题: 主题: PAD情绪模型 - Mehrabian & Russell的情绪三维模型
[2026-04-05 20:06:16] 📝 开始下载: PAD情绪模型 - Mehrabian & Russell的情绪三维模型 -> arxiv_PAD情绪模型_20260405_200616_1.pdf
[2026-04-05 20:06:16] 📝 请求文件: URL: https://arxiv.org/pdf/2004.09743.pdf...
[2026-04-05 20:06:20] 📝 收到响应: 状态: 200, 大小: 2582440 字节
[2026-04-05 20:06:20] ✅ 文件已保存: 保存到: arxiv_PAD情绪模型_20260405_200616_1.pdf (2521 KB)
[2026-04-05 20:06:20] ✅ 验证通过: 是有效的PDF文件 (2521 KB)
[2026-04-05 20:06:21] 📝 开始下载: PAD情绪模型 - Mehrabian & Russell的情绪三维模型 -> arxiv_PAD情绪模型_20260405_200621_2.pdf
[2026-04-05 20:06:21] 📝 请求文件: URL: https://arxiv.org/pdf/1612.08983.pdf...
[2026-04-05 20:06:23] 📝 收到响应: 状态: 200, 大小: 844838 字节
[2026-04-05 20:06:23] ✅ 文件已保存: 保存到: arxiv_PAD情绪模型_20260405_200621_2.pdf (825 KB)
[2026-04-05 20:06:23] ✅ 验证通过: 是有效的PDF文件 (825 KB)
[2026-04-05 20:06:26] 📝 处理主题: 主题: 工作记忆模型 - Baddeley的多成分工作记忆模型
[2026-04-05 20:06:26] 📝 开始下载: 工作记忆模型 - Baddeley的多成分工作记忆模型 -> arxiv_工作记忆模型_20260405_200626_1.pdf
[2026-04-05 20:06:26] 📝 请求文件: URL: https://arxiv.org/pdf/2105.12334.pdf...
[2026-04-05 20:06:28] 📝 收到响应: 状态: 200, 大小: 459758 字节
[2026-04-05 20:06:28] ✅ 文件已保存: 保存到: arxiv_工作记忆模型_20260405_200626_1.pdf (448 KB)
[2026-04-05 20:06:28] ✅ 验证通过: 是有效的PDF文件 (448 KB)
[2026-04-05 20:06:29] 📝 开始下载: 工作记忆模型 - Baddeley的多成分工作记忆模型 -> arxiv_工作记忆模型_20260405_200629_2.pdf
[2026-04-05 20:06:29] 📝 请求文件: URL: https://arxiv.org/pdf/1906.05765.pdf...
[2026-04-05 20:06:31] 📝 收到响应: 状态: 200, 大小: 490875 字节
[2026-04-05 20:06:31] ✅ 文件已保存: 保存到: arxiv_工作记忆模型_20260405_200629_2.pdf (479 KB)
[2026-04-05 20:06:31] ✅ 验证通过: 是有效的PDF文件 (479 KB)
[2026-04-05 20:06:34] 📝 处理主题: 主题: 记忆检索理论 - 记忆检索的神经机制与理论
[2026-04-05 20:06:34] 📝 开始下载: 记忆检索理论 - 记忆检索的神经机制与理论 -> arxiv_记忆检索理论_20260405_200634_1.pdf
[2026-04-05 20:06:34] 📝 请求文件: URL: https://arxiv.org/pdf/1806.01721.pdf...
[2026-04-05 20:06:36] 📝 收到响应: 状态: 200, 大小: 2271124 字节
[2026-04-05 20:06:36] ✅ 文件已保存: 保存到: arxiv_记忆检索理论_20260405_200634_1.pdf (2217 KB)
[2026-04-05 20:06:36] ✅ 验证通过: 是有效的PDF文件 (2217 KB)
[2026-04-05 20:06:37] 📝 开始下载: 记忆检索理论 - 记忆检索的神经机制与理论 -> arxiv_记忆检索理论_20260405_200637_2.pdf
[2026-04-05 20:06:37] 📝 请求文件: URL: https://arxiv.org/pdf/1708.00129.pdf...
[2026-04-05 20:06:39] 📝 收到响应: 状态: 200, 大小: 853818 字节
[2026-04-05 20:06:39] ✅ 文件已保存: 保存到: arxiv_记忆检索理论_20260405_200637_2.pdf (833 KB)
[2026-04-05 20:06:39] ✅ 验证通过: 是有效的PDF文件 (833 KB)
[2026-04-05 20:06:42] 📝 处理主题: 主题: 记忆巩固理论 - 记忆从短时存储到长时存储的过程
[2026-04-05 20:06:42] 📝 开始下载: 记忆巩固理论 - 记忆从短时存储到长时存储的过程 -> arxiv_记忆巩固理论_20260405_200642_1.pdf
[2026-04-05 20:06:42] 📝 请求文件: URL: https://arxiv.org/pdf/1910.07773.pdf...
[2026-04-05 20:06:44] 📝 收到响应: 状态: 200, 大小: 1534329 字节
[2026-04-05 20:06:44] ✅ 文件已保存: 保存到: arxiv_记忆巩固理论_20260405_200642_1.pdf (1498 KB)
[2026-04-05 20:06:44] ✅ 验证通过: 是有效的PDF文件 (1498 KB)
[2026-04-05 20:06:45] 📝 开始下载: 记忆巩固理论 - 记忆从短时存储到长时存储的过程 -> arxiv_记忆巩固理论_20260405_200645_2.pdf
[2026-04-05 20:06:45] 📝 请求文件: URL: https://arxiv.org/pdf/1804.03133.pdf...
[2026-04-05 20:06:47] 📝 收到响应: 状态: 200, 大小: 535071 字节
[2026-04-05 20:06:47] ✅ 文件已保存: 保存到: arxiv_记忆巩固理论_20260405_200645_2.pdf (522 KB)
[2026-04-05 20:06:47] ✅ 验证通过: 是有效的PDF文件 (522 KB)
[2026-04-05 20:06:50] ✅ 搜索完成: 下载了 8 篇文献
[2026-04-05 20:06:50] ✅ 阶段1完成: 成功下载 8 篇真实文献
[2026-04-05 20:06:50] 📝 阶段2: 为下载的文件创建标准引用记录
[2026-04-05 20:06:50] 📝 创建引文: 为 8 篇文献创建标准引文
[2026-04-05 20:06:50] ✅ 引文创建完成: 保存了 8 个引用记录
[2026-04-05 20:06:50] 📝 阶段3: 生成完整的透明度验证报告
[2026-04-05 20:06:50] 📝 创建透明度报告: 生成可验证的工作记录
[2026-04-05 20:06:50] ✅ 透明度报告已创建: 保存到: transparency_report_v2.0.md
